


ARM Macro Assembler    Page 1 


    1 00000000         ;/* ***** BEGIN LICENSE BLOCK ***** 
    2 00000000         ; * Version: RCSL 1.0/RPSL 1.0 
    3 00000000         ; *  
    4 00000000         ; * Portions Copyright (c) 1995-2002 RealNetworks, Inc. 
                       All Rights Reserved. 
    5 00000000         ; *      
    6 00000000         ; * The contents of this file, and the files included wi
                       th this file, are 
    7 00000000         ; * subject to the current version of the RealNetworks P
                       ublic Source License 
    8 00000000         ; * Version 1.0 (the "RPSL") available at 
    9 00000000         ; * http://www.helixcommunity.org/content/rpsl unless yo
                       u have licensed 
   10 00000000         ; * the file under the RealNetworks Community Source Lic
                       ense Version 1.0 
   11 00000000         ; * (the "RCSL") available at http://www.helixcommunity.
                       org/content/rcsl, 
   12 00000000         ; * in which case the RCSL will apply. You may also obta
                       in the license terms 
   13 00000000         ; * directly from RealNetworks.  You may not use this fi
                       le except in 
   14 00000000         ; * compliance with the RPSL or, if you have a valid RCS
                       L with RealNetworks 
   15 00000000         ; * applicable to this file, the RCSL.  Please see the a
                       pplicable RPSL or 
   16 00000000         ; * RCSL for the rights, obligations and limitations gov
                       erning use of the 
   17 00000000         ; * contents of the file.  
   18 00000000         ; *  
   19 00000000         ; * This file is part of the Helix DNA Technology. RealN
                       etworks is the 
   20 00000000         ; * developer of the Original Code and owns the copyrigh
                       ts in the portions 
   21 00000000         ; * it created. 
   22 00000000         ; *  
   23 00000000         ; * This file, and the files included with this file, is
                        distributed and made 
   24 00000000         ; * available on an 'AS IS' basis, WITHOUT WARRANTY OF A
                       NY KIND, EITHER 
   25 00000000         ; * EXPRESS OR IMPLIED, AND REALNETWORKS HEREBY DISCLAIM
                       S ALL SUCH WARRANTIES, 
   26 00000000         ; * INCLUDING WITHOUT LIMITATION, ANY WARRANTIES OF MERC
                       HANTABILITY, FITNESS 
   27 00000000         ; * FOR A PARTICULAR PURPOSE, QUIET ENJOYMENT OR NON-INF
                       RINGEMENT. 
   28 00000000         ; * 
   29 00000000         ; * Technology Compatibility Kit Test Suite(s) Location:
                        
   30 00000000         ; *    http://www.helixcommunity.org/content/tck 
   31 00000000         ; * 
   32 00000000         ; * Contributor(s): 
   33 00000000         ; *  
   34 00000000         ; * ***** END LICENSE BLOCK ***** */ 
   35 00000000         
   36 00000000         
   37 00000000                 AREA             |.text|, CODE, READONLY
   38 00000000         ; int xmp3_MULSHIFT32(int x, int y)
   39 00000000                 EXPORT           xmp3_MULSHIFT32
   40 00000000         



ARM Macro Assembler    Page 2 


   41 00000000         xmp3_MULSHIFT32
   42 00000000 FB81 2000       smull            r2, r0, r1, r0
   43 00000004         ;mov  pc, lr
   44 00000004 4770            BX               LR
   45 00000006                 EXPORT           xmp3_FASTABS
   46 00000006         xmp3_FASTABS
   47 00000006         ;mov  pc, lr
   48 00000006 4770            BX               LR
   49 00000008         
   50 00000008                 END
Command Line: --debug --xref --diag_suppress=9931 --cpu=Cortex-M3 --apcs=interw
ork --depend=.\objects\asmmisc.d -o.\objects\asmmisc.o -ID:\Projects\mp3\RTE -I
D:\Projects\mp3\RTE\Device\STM32F103RC -ID:\Keil_v5\ARM\PACK\ARM\CMSIS\4.5.0\CM
SIS\Driver\Include -ID:\Keil_v5\ARM\PACK\ARM\CMSIS\4.5.0\CMSIS\Include -ID:\Kei
l_v5\ARM\PACK\ARM\CMSIS\4.5.0\CMSIS\RTOS\RTX\INC -ID:\Keil_v5\ARM\PACK\Keil\STM
32F1xx_DFP\2.0.0\Device\Include -ID:\Keil_v5\ARM\PACK\Keil\STM32F1xx_DFP\2.0.0\
Device\StdPeriph_Driver\inc -ID:\Keil_v5\ARM\PACK\Keil\STM32F1xx_DFP\2.0.0\RTE_
Driver --predefine="__RTX SETA 1" --predefine="__UVISION_VERSION SETA 518" --pr
edefine="_RTE_ SETA 1" --predefine="STM32F10X_HD SETA 1" --list=.\listings\asmm
isc.lst "SRC\Decodeing System\arm\asmmisc.S"



ARM Macro Assembler    Page 1 Alphabetic symbol ordering
Relocatable symbols

.text 00000000

Symbol: .text
   Definitions
      At line 37 in file SRC\Decodeing
   Uses
      None
Comment: .text unused
xmp3_FASTABS 00000006

Symbol: xmp3_FASTABS
   Definitions
      At line 46 in file SRC\Decodeing
   Uses
      At line 45 in file SRC\Decodeing
Comment: xmp3_FASTABS used once
xmp3_MULSHIFT32 00000000

Symbol: xmp3_MULSHIFT32
   Definitions
      At line 41 in file SRC\Decodeing
   Uses
      At line 39 in file SRC\Decodeing
Comment: xmp3_MULSHIFT32 used once
3 symbols
337 symbols in table
